2025-12-21 20:49:34,335 - INFO - Copied: D:\sem 1\html\index.html -> D:\managed sem 1\html\code\html\index.html (original preserved)
2025-12-21 20:49:34,336 - INFO - Copied: D:\sem 1\html\README.md -> D:\managed sem 1\html\code\other\README.md (original preserved)
2025-12-21 20:49:34,337 - INFO - Copied: D:\sem 1\HTML practice\BASIC.html -> D:\managed sem 1\HTML practice\code\html\BASIC.html (original preserved)
2025-12-21 20:49:34,338 - INFO - Copied: D:\sem 1\HTML practice\index.html -> D:\managed sem 1\HTML practice\code\html\index.html (original preserved)
2025-12-21 20:49:34,339 - INFO - Copied: D:\sem 1\HTML practice\to do list -> D:\managed sem 1\HTML practice\other\other\to do list (original preserved)
2025-12-21 20:49:34,340 - INFO - Copied: D:\sem 1\javascript\first.html -> D:\managed sem 1\javascript\code\html\first.html (original preserved)
2025-12-21 20:49:34,340 - INFO - Copied: D:\sem 1\javascript\second.html -> D:\managed sem 1\javascript\code\html\second.html (original preserved)
2025-12-21 20:49:34,341 - INFO - Copied: D:\sem 1\practical\new.html -> D:\managed sem 1\practical\code\html\new.html (original preserved)
2025-12-21 20:49:34,342 - INFO - Copied: D:\sem 1\YT COURSE HTML\LEVEL1.HTML -> D:\managed sem 1\YT COURSE HTML\code\html\LEVEL1.HTML (original preserved)
2025-12-21 20:49:34,343 - INFO - Copied: D:\sem 1\YT COURSE HTML\LEVEL2.HTML -> D:\managed sem 1\YT COURSE HTML\code\html\LEVEL2.HTML (original preserved)
2025-12-21 20:49:34,343 - INFO - Copied: D:\sem 1\YT COURSE HTML\PROJECTS\INDEX.HTML -> D:\managed sem 1\YT COURSE HTML\PROJECTS\code\html\INDEX.HTML (original preserved)
2025-12-21 20:49:34,345 - INFO - Copied: D:\sem 1\SHIVAM MEHRA\CSE326\A54330581_21_2024_K24CN.pdf.html -> D:\managed sem 1\SHIVAM MEHRA\CSE326\code\html\A54330581_21_2024_K24CN.pdf.html (original preserved)
2025-12-21 20:49:34,345 - INFO - Copied: D:\sem 1\SHIVAM MEHRA\CSE326\acc324.html -> D:\managed sem 1\SHIVAM MEHRA\CSE326\code\html\acc324.html (original preserved)
2025-12-21 20:49:34,346 - INFO - Copied: D:\sem 1\SHIVAM MEHRA\CSE326\activity.html -> D:\managed sem 1\SHIVAM MEHRA\CSE326\code\html\activity.html (original preserved)
2025-12-21 20:49:34,347 - INFO - Copied: D:\sem 1\SHIVAM MEHRA\CSE326\Activity2.html -> D:\managed sem 1\SHIVAM MEHRA\CSE326\code\html\Activity2.html (original preserved)
2025-12-21 20:49:34,348 - INFO - Copied: D:\sem 1\SHIVAM MEHRA\CSE326\activity3.html -> D:\managed sem 1\SHIVAM MEHRA\CSE326\code\html\activity3.html (original preserved)
2025-12-21 20:49:34,349 - INFO - Copied: D:\sem 1\SHIVAM MEHRA\CSE326\add.html -> D:\managed sem 1\SHIVAM MEHRA\CSE326\code\html\add.html (original preserved)
2025-12-21 20:49:34,349 - INFO - Copied: D:\sem 1\SHIVAM MEHRA\CSE326\border.html -> D:\managed sem 1\SHIVAM MEHRA\CSE326\code\html\border.html (original preserved)
2025-12-21 20:49:34,350 - INFO - Copied: D:\sem 1\SHIVAM MEHRA\CSE326\ca.css -> D:\managed sem 1\SHIVAM MEHRA\CSE326\code\css\ca.css (original preserved)
2025-12-21 20:49:34,350 - INFO - Copied: D:\sem 1\SHIVAM MEHRA\CSE326\class11-8.html -> D:\managed sem 1\SHIVAM MEHRA\CSE326\code\html\class11-8.html (original preserved)
2025-12-21 20:49:34,351 - INFO - Copied: D:\sem 1\SHIVAM MEHRA\CSE326\cn4.html -> D:\managed sem 1\SHIVAM MEHRA\CSE326\code\html\cn4.html (original preserved)
2025-12-21 20:49:34,352 - INFO - Copied: D:\sem 1\SHIVAM MEHRA\CSE326\cn5.html -> D:\managed sem 1\SHIVAM MEHRA\CSE326\code\html\cn5.html (original preserved)
2025-12-21 20:49:34,352 - INFO - Copied: D:\sem 1\SHIVAM MEHRA\CSE326\cn6.html -> D:\managed sem 1\SHIVAM MEHRA\CSE326\code\html\cn6.html (original preserved)
2025-12-21 20:49:34,353 - INFO - Copied: D:\sem 1\SHIVAM MEHRA\CSE326\css.html -> D:\managed sem 1\SHIVAM MEHRA\CSE326\code\html\css.html (original preserved)
2025-12-21 20:49:34,353 - INFO - Copied: D:\sem 1\SHIVAM MEHRA\CSE326\css2.HTML -> D:\managed sem 1\SHIVAM MEHRA\CSE326\code\html\css2.HTML (original preserved)
2025-12-21 20:49:34,354 - INFO - Copied: D:\sem 1\SHIVAM MEHRA\CSE326\First.html -> D:\managed sem 1\SHIVAM MEHRA\CSE326\code\html\First.html (original preserved)
2025-12-21 20:49:34,354 - INFO - Copied: D:\sem 1\SHIVAM MEHRA\CSE326\ghsad.html -> D:\managed sem 1\SHIVAM MEHRA\CSE326\code\html\ghsad.html (original preserved)
2025-12-21 20:49:34,355 - INFO - Copied: D:\sem 1\SHIVAM MEHRA\CSE326\gpt.html -> D:\managed sem 1\SHIVAM MEHRA\CSE326\code\html\gpt.html (original preserved)
2025-12-21 20:49:34,355 - INFO - Copied: D:\sem 1\SHIVAM MEHRA\CSE326\javascripts_function.html -> D:\managed sem 1\SHIVAM MEHRA\CSE326\code\html\javascripts_function.html (original preserved)
2025-12-21 20:49:34,356 - INFO - Copied: D:\sem 1\SHIVAM MEHRA\CSE326\login.html -> D:\managed sem 1\SHIVAM MEHRA\CSE326\code\html\login.html (original preserved)
2025-12-21 20:49:34,356 - INFO - Copied: D:\sem 1\SHIVAM MEHRA\CSE326\Login2.HTML -> D:\managed sem 1\SHIVAM MEHRA\CSE326\code\html\Login2.HTML (original preserved)
2025-12-21 20:49:34,357 - INFO - Copied: D:\sem 1\SHIVAM MEHRA\CSE326\new.html -> D:\managed sem 1\SHIVAM MEHRA\CSE326\code\html\new.html (original preserved)
2025-12-21 20:49:34,358 - INFO - Copied: D:\sem 1\SHIVAM MEHRA\CSE326\parts of css box model.html -> D:\managed sem 1\SHIVAM MEHRA\CSE326\code\html\parts of css box model.html (original preserved)
2025-12-21 20:49:34,358 - INFO - Copied: D:\sem 1\SHIVAM MEHRA\CSE326\practice css.html -> D:\managed sem 1\SHIVAM MEHRA\CSE326\code\html\practice css.html (original preserved)
2025-12-21 20:49:34,359 - INFO - Copied: D:\sem 1\SHIVAM MEHRA\CSE326\Shivam_Mehra_49.html -> D:\managed sem 1\SHIVAM MEHRA\CSE326\code\html\Shivam_Mehra_49.html (original preserved)
2025-12-21 20:49:34,359 - INFO - Copied: D:\sem 1\SHIVAM MEHRA\CSE326\Student details.html -> D:\managed sem 1\SHIVAM MEHRA\CSE326\code\html\Student details.html (original preserved)
2025-12-21 20:49:34,360 - INFO - Copied: D:\sem 1\SHIVAM MEHRA\CSE326\styless.css -> D:\managed sem 1\SHIVAM MEHRA\CSE326\code\css\styless.css (original preserved)
2025-12-21 20:49:34,360 - INFO - Copied: D:\sem 1\SHIVAM MEHRA\CSE326\visual2.html -> D:\managed sem 1\SHIVAM MEHRA\CSE326\code\html\visual2.html (original preserved)
2025-12-21 20:49:34,361 - INFO - Copied: D:\sem 1\SHIVAM MEHRA\CSE326\website.html -> D:\managed sem 1\SHIVAM MEHRA\CSE326\code\html\website.html (original preserved)
2025-12-21 20:49:34,361 - INFO - Copied: D:\sem 1\SHIVAM MEHRA\CSE326\website2.html -> D:\managed sem 1\SHIVAM MEHRA\CSE326\code\html\website2.html (original preserved)
2025-12-21 20:49:34,362 - INFO - Copied: D:\sem 1\SHIVAM MEHRA\CSE326\website3.html -> D:\managed sem 1\SHIVAM MEHRA\CSE326\code\html\website3.html (original preserved)
2025-12-21 20:49:34,363 - INFO - Copied: D:\sem 1\SHIVAM MEHRA\INT108\11-8.py -> D:\managed sem 1\SHIVAM MEHRA\INT108\code\python\11-8.py (original preserved)
2025-12-21 20:49:34,363 - INFO - Copied: D:\sem 1\SHIVAM MEHRA\INT108\chess.py -> D:\managed sem 1\SHIVAM MEHRA\INT108\code\python\chess.py (original preserved)
2025-12-21 20:49:34,364 - INFO - Copied: D:\sem 1\SHIVAM MEHRA\INT108\classes&objects.py -> D:\managed sem 1\SHIVAM MEHRA\INT108\code\python\classes&objects.py (original preserved)
2025-12-21 20:49:34,364 - INFO - Copied: D:\sem 1\SHIVAM MEHRA\INT108\dictionary.py -> D:\managed sem 1\SHIVAM MEHRA\INT108\code\python\dictionary.py (original preserved)
2025-12-21 20:49:34,365 - INFO - Copied: D:\sem 1\SHIVAM MEHRA\INT108\factorial.py -> D:\managed sem 1\SHIVAM MEHRA\INT108\code\python\factorial.py (original preserved)
2025-12-21 20:49:34,365 - INFO - Copied: D:\sem 1\SHIVAM MEHRA\INT108\file_handling.py -> D:\managed sem 1\SHIVAM MEHRA\INT108\code\python\file_handling.py (original preserved)
2025-12-21 20:49:34,366 - INFO - Copied: D:\sem 1\SHIVAM MEHRA\INT108\if else.py -> D:\managed sem 1\SHIVAM MEHRA\INT108\code\python\if else.py (original preserved)
2025-12-21 20:49:34,366 - INFO - Copied: D:\sem 1\SHIVAM MEHRA\INT108\methods.py -> D:\managed sem 1\SHIVAM MEHRA\INT108\code\python\methods.py (original preserved)
2025-12-21 20:49:34,367 - INFO - Copied: D:\sem 1\SHIVAM MEHRA\INT108\f -> D:\managed sem 1\SHIVAM MEHRA\INT108\other\other\f (original preserved)
2025-12-21 20:49:34,368 - INFO - Copied: D:\sem 1\SHIVAM MEHRA\INT108\CLASS9\12.11.py -> D:\managed sem 1\SHIVAM MEHRA\INT108\CLASS9\code\python\12.11.py (original preserved)
2025-12-21 20:49:34,369 - INFO - Copied: D:\sem 1\SHIVAM MEHRA\INT108\CLASS9\8.py -> D:\managed sem 1\SHIVAM MEHRA\INT108\CLASS9\code\python\8.py (original preserved)
2025-12-21 20:49:34,369 - INFO - Copied: D:\sem 1\SHIVAM MEHRA\INT108\CLASS9\calculate gcd and hcf.py -> D:\managed sem 1\SHIVAM MEHRA\INT108\CLASS9\code\python\calculate gcd and hcf.py (original preserved)
2025-12-21 20:49:34,370 - INFO - Copied: D:\sem 1\SHIVAM MEHRA\INT108\CLASS9\fibonacci numbers.py -> D:\managed sem 1\SHIVAM MEHRA\INT108\CLASS9\code\python\fibonacci numbers.py (original preserved)
2025-12-21 20:49:34,370 - INFO - Copied: D:\sem 1\SHIVAM MEHRA\INT108\CLASS9\for loop.py -> D:\managed sem 1\SHIVAM MEHRA\INT108\CLASS9\code\python\for loop.py (original preserved)
2025-12-21 20:49:34,371 - INFO - Copied: D:\sem 1\SHIVAM MEHRA\INT108\CLASS9\inheritance.py -> D:\managed sem 1\SHIVAM MEHRA\INT108\CLASS9\code\python\inheritance.py (original preserved)
2025-12-21 20:49:34,371 - INFO - Copied: D:\sem 1\SHIVAM MEHRA\INT108\CLASS9\logical.py -> D:\managed sem 1\SHIVAM MEHRA\INT108\CLASS9\code\python\logical.py (original preserved)
2025-12-21 20:49:34,372 - INFO - Copied: D:\sem 1\SHIVAM MEHRA\INT108\CLASS9\loop in loop.py -> D:\managed sem 1\SHIVAM MEHRA\INT108\CLASS9\code\python\loop in loop.py (original preserved)
2025-12-21 20:49:34,372 - INFO - Copied: D:\sem 1\SHIVAM MEHRA\INT108\CLASS9\loop.py -> D:\managed sem 1\SHIVAM MEHRA\INT108\CLASS9\code\python\loop.py (original preserved)
2025-12-21 20:49:34,373 - INFO - Copied: D:\sem 1\SHIVAM MEHRA\INT108\CLASS9\multiples of numbers.py -> D:\managed sem 1\SHIVAM MEHRA\INT108\CLASS9\code\python\multiples of numbers.py (original preserved)
2025-12-21 20:49:34,374 - INFO - Copied: D:\sem 1\SHIVAM MEHRA\INT108\CLASS9\new.py -> D:\managed sem 1\SHIVAM MEHRA\INT108\CLASS9\code\python\new.py (original preserved)
2025-12-21 20:49:34,374 - INFO - Copied: D:\sem 1\SHIVAM MEHRA\INT108\CLASS9\practice.py -> D:\managed sem 1\SHIVAM MEHRA\INT108\CLASS9\code\python\practice.py (original preserved)
2025-12-21 20:49:34,375 - INFO - Copied: D:\sem 1\SHIVAM MEHRA\INT108\CLASS9\print loop.py -> D:\managed sem 1\SHIVAM MEHRA\INT108\CLASS9\code\python\print loop.py (original preserved)
2025-12-21 20:49:34,375 - INFO - Copied: D:\sem 1\SHIVAM MEHRA\INT108\CLASS9\sets.py -> D:\managed sem 1\SHIVAM MEHRA\INT108\CLASS9\code\python\sets.py (original preserved)
2025-12-21 20:49:34,376 - INFO - Copied: D:\sem 1\SHIVAM MEHRA\INT108\CLASS9\shift.py -> D:\managed sem 1\SHIVAM MEHRA\INT108\CLASS9\code\python\shift.py (original preserved)
2025-12-21 20:49:34,376 - INFO - Copied: D:\sem 1\SHIVAM MEHRA\INT108\CLASS9\sum while loop.py -> D:\managed sem 1\SHIVAM MEHRA\INT108\CLASS9\code\python\sum while loop.py (original preserved)
2025-12-21 20:49:34,377 - INFO - Copied: D:\sem 1\SHIVAM MEHRA\INT108\CLASS9\Table.py -> D:\managed sem 1\SHIVAM MEHRA\INT108\CLASS9\code\python\Table.py (original preserved)
2025-12-21 20:49:34,378 - INFO - Copied: D:\sem 1\SHIVAM MEHRA\INT108\file_handling\file_handling.py -> D:\managed sem 1\SHIVAM MEHRA\INT108\file_handling\code\python\file_handling.py (original preserved)
2025-12-21 20:49:34,379 - INFO - Copied: D:\sem 1\SHIVAM MEHRA\INT108\file_handling\a.txt -> D:\managed sem 1\SHIVAM MEHRA\INT108\file_handling\documents\txt\a.txt (original preserved)
2025-12-21 20:49:34,379 - INFO - Copied: D:\sem 1\SHIVAM MEHRA\INT108\file_handling\b.txt -> D:\managed sem 1\SHIVAM MEHRA\INT108\file_handling\documents\txt\b.txt (original preserved)
2025-12-21 20:49:34,380 - INFO - Copied: D:\sem 1\SHIVAM MEHRA\INT108\Unit3\18sep.py -> D:\managed sem 1\SHIVAM MEHRA\INT108\Unit3\code\python\18sep.py (original preserved)
2025-12-21 20:49:34,381 - INFO - Copied: D:\sem 1\SHIVAM MEHRA\INT108\Unit3\18sep_return.py -> D:\managed sem 1\SHIVAM MEHRA\INT108\Unit3\code\python\18sep_return.py (original preserved)
2025-12-21 20:49:34,381 - INFO - Copied: D:\sem 1\SHIVAM MEHRA\INT108\Unit3\20sep_types_of_arguments.py -> D:\managed sem 1\SHIVAM MEHRA\INT108\Unit3\code\python\20sep_types_of_arguments.py (original preserved)
2025-12-21 20:49:34,382 - INFO - Copied: D:\sem 1\SHIVAM MEHRA\INT108\Unit3\functions and recursion.py -> D:\managed sem 1\SHIVAM MEHRA\INT108\Unit3\code\python\functions and recursion.py (original preserved)
2025-12-21 20:49:34,382 - INFO - Copied: D:\sem 1\SHIVAM MEHRA\INT108\Unit3\greet.py -> D:\managed sem 1\SHIVAM MEHRA\INT108\Unit3\code\python\greet.py (original preserved)
2025-12-21 20:49:34,383 - INFO - Copied: D:\sem 1\SHIVAM MEHRA\INT108\Unit3\lamda functions.py -> D:\managed sem 1\SHIVAM MEHRA\INT108\Unit3\code\python\lamda functions.py (original preserved)
2025-12-21 20:49:34,383 - INFO - Copied: D:\sem 1\SHIVAM MEHRA\INT108\Unit3\pigame.py -> D:\managed sem 1\SHIVAM MEHRA\INT108\Unit3\code\python\pigame.py (original preserved)
2025-12-21 20:49:34,384 - INFO - Copied: D:\sem 1\SHIVAM MEHRA\INT108\CLASS9\14\8.py -> D:\managed sem 1\SHIVAM MEHRA\INT108\CLASS9\14\code\python\8.py (original preserved)
2025-12-21 20:49:34,385 - INFO - Copied: D:\sem 1\SHIVAM MEHRA\CSE326\html\index.html -> D:\managed sem 1\SHIVAM MEHRA\CSE326\html\code\html\index.html (original preserved)
2025-12-21 20:49:34,386 - INFO - Copied: D:\sem 1\SHIVAM MEHRA\CSE326\html\README.md -> D:\managed sem 1\SHIVAM MEHRA\CSE326\html\code\other\README.md (original preserved)
2025-12-21 20:49:34,387 - INFO - Copied: D:\sem 1\SHIVAM MEHRA\CSE326\html\css\lightslider.css -> D:\managed sem 1\SHIVAM MEHRA\CSE326\html\css\code\css\lightslider.css (original preserved)
2025-12-21 20:49:34,388 - INFO - Copied: D:\sem 1\SHIVAM MEHRA\CSE326\html\css\style.css -> D:\managed sem 1\SHIVAM MEHRA\CSE326\html\css\code\css\style.css (original preserved)
2025-12-21 20:49:34,389 - INFO - Copied: D:\sem 1\SHIVAM MEHRA\CSE326\html\css\swiper-bundle.min.css -> D:\managed sem 1\SHIVAM MEHRA\CSE326\html\css\code\css\swiper-bundle.min.css (original preserved)
2025-12-21 20:49:34,390 - INFO - Copied: D:\sem 1\SHIVAM MEHRA\CSE326\html\js\glider-slider.js -> D:\managed sem 1\SHIVAM MEHRA\CSE326\html\js\code\javascript\glider-slider.js (original preserved)
2025-12-21 20:49:34,391 - INFO - Copied: D:\sem 1\SHIVAM MEHRA\CSE326\html\js\glider.min.js -> D:\managed sem 1\SHIVAM MEHRA\CSE326\html\js\code\javascript\glider.min.js (original preserved)
2025-12-21 20:49:34,392 - INFO - Copied: D:\sem 1\SHIVAM MEHRA\CSE326\html\js\Jquery.js -> D:\managed sem 1\SHIVAM MEHRA\CSE326\html\js\code\javascript\Jquery.js (original preserved)
2025-12-21 20:49:34,394 - INFO - Copied: D:\sem 1\SHIVAM MEHRA\CSE326\html\js\lightslider.js -> D:\managed sem 1\SHIVAM MEHRA\CSE326\html\js\code\javascript\lightslider.js (original preserved)
2025-12-21 20:49:34,395 - INFO - Copied: D:\sem 1\SHIVAM MEHRA\CSE326\html\js\script-mini.js -> D:\managed sem 1\SHIVAM MEHRA\CSE326\html\js\code\javascript\script-mini.js (original preserved)
2025-12-21 20:49:34,395 - INFO - Copied: D:\sem 1\SHIVAM MEHRA\CSE326\html\js\script.js -> D:\managed sem 1\SHIVAM MEHRA\CSE326\html\js\code\javascript\script.js (original preserved)
2025-12-21 20:49:34,396 - INFO - Copied: D:\sem 1\programing\chapter 1\first.py -> D:\managed sem 1\programing\chapter 1\code\python\first.py (original preserved)
2025-12-21 20:49:34,397 - INFO - Copied: D:\sem 1\programing\chapter 1\module.py -> D:\managed sem 1\programing\chapter 1\code\python\module.py (original preserved)
2025-12-21 20:49:34,398 - INFO - Copied: D:\sem 1\programing\chapter 2\01_variables.py -> D:\managed sem 1\programing\chapter 2\code\python\01_variables.py (original preserved)
2025-12-21 20:49:34,398 - INFO - Copied: D:\sem 1\programing\chapter 2\02_datatypes.py -> D:\managed sem 1\programing\chapter 2\code\python\02_datatypes.py (original preserved)
2025-12-21 20:49:34,399 - INFO - Copied: D:\sem 1\programing\chapter 2\03_Rules_Variables.py -> D:\managed sem 1\programing\chapter 2\code\python\03_Rules_Variables.py (original preserved)
2025-12-21 20:49:34,399 - INFO - Copied: D:\sem 1\programing\chapter 2\04_Operators.py -> D:\managed sem 1\programing\chapter 2\code\python\04_Operators.py (original preserved)
2025-12-21 20:49:34,400 - INFO - Copied: D:\sem 1\programing\chapter 2\05_type.py -> D:\managed sem 1\programing\chapter 2\code\python\05_type.py (original preserved)
2025-12-21 20:49:34,400 - INFO - Copied: D:\sem 1\programing\chapter 2\06_input.py -> D:\managed sem 1\programing\chapter 2\code\python\06_input.py (original preserved)
2025-12-21 20:49:34,401 - INFO - Copied: D:\sem 1\programing\chapter 2\nbw.py -> D:\managed sem 1\programing\chapter 2\code\python\nbw.py (original preserved)
2025-12-21 20:49:34,402 - INFO - Copied: D:\sem 1\programing\CSE326\default.html -> D:\managed sem 1\programing\CSE326\code\html\default.html (original preserved)
2025-12-21 20:49:34,403 - INFO - Copied: D:\sem 1\programing\encryptionCODE\encrypt -> D:\managed sem 1\programing\encryptionCODE\code\other\encrypt (original preserved)
2025-12-21 20:49:34,403 - INFO - Copied: D:\sem 1\programing\encryptionCODE\solar -> D:\managed sem 1\programing\encryptionCODE\code\other\solar (original preserved)
2025-12-21 20:49:34,404 - INFO - Copied: D:\sem 1\programing\INT108\first.py -> D:\managed sem 1\programing\INT108\code\python\first.py (original preserved)
2025-12-21 20:49:34,405 - INFO - Copied: D:\sem 1\programing\projects\3d -> D:\managed sem 1\programing\projects\code\other\3d (original preserved)
2025-12-21 20:49:34,406 - INFO - Copied: D:\sem 1\programing\projects\3d laptop.py -> D:\managed sem 1\programing\projects\code\python\3d laptop.py (original preserved)
2025-12-21 20:49:34,406 - INFO - Copied: D:\sem 1\programing\projects\Fibonacci numbers -> D:\managed sem 1\programing\projects\code\other\Fibonacci numbers (original preserved)
2025-12-21 20:49:34,407 - INFO - Copied: D:\sem 1\programing\projects\game2 -> D:\managed sem 1\programing\projects\code\other\game2 (original preserved)
2025-12-21 20:49:34,407 - INFO - Copied: D:\sem 1\programing\projects\game3 -> D:\managed sem 1\programing\projects\code\other\game3 (original preserved)
2025-12-21 20:49:34,408 - INFO - Copied: D:\sem 1\programing\projects\task -> D:\managed sem 1\programing\projects\code\other\task (original preserved)
2025-12-21 20:49:34,408 - INFO - Copied: D:\sem 1\programing\projects\weather -> D:\managed sem 1\programing\projects\code\other\weather (original preserved)
2025-12-21 20:49:34,409 - INFO - Copied: D:\sem 1\programing\projects\game -> D:\managed sem 1\programing\projects\other\other\game (original preserved)
2025-12-21 20:49:34,409 - INFO - Copied: D:\sem 1\programing\projects\games 1 -> D:\managed sem 1\programing\projects\other\other\games 1 (original preserved)
2025-12-21 20:49:34,410 - INFO - Copied: D:\sem 1\programing\chapter 2\problem\01_problem1.py -> D:\managed sem 1\programing\chapter 2\problem\code\python\01_problem1.py (original preserved)
2025-12-21 20:49:34,411 - INFO - Copied: D:\sem 1\programing\chapter 2\problem\02_problem2.py -> D:\managed sem 1\programing\chapter 2\problem\code\python\02_problem2.py (original preserved)
2025-12-21 20:49:34,411 - INFO - Copied: D:\sem 1\programing\chapter 2\problem\03_problem3.py -> D:\managed sem 1\programing\chapter 2\problem\code\python\03_problem3.py (original preserved)
2025-12-21 20:49:34,412 - INFO - Copied: D:\sem 1\programing\chapter 2\problem\04_problem4.py -> D:\managed sem 1\programing\chapter 2\problem\code\python\04_problem4.py (original preserved)
2025-12-21 20:49:34,412 - INFO - Copied: D:\sem 1\programing\chapter 2\problem\05_problem5.py -> D:\managed sem 1\programing\chapter 2\problem\code\python\05_problem5.py (original preserved)
2025-12-21 20:49:34,413 - INFO - Copied: D:\sem 1\programing\chapter 2\problem\06_problem6.py -> D:\managed sem 1\programing\chapter 2\problem\code\python\06_problem6.py (original preserved)
2025-12-21 20:49:34,414 - INFO - Copied: D:\sem 1\programing\chapter 1\problems\01_problem1.py -> D:\managed sem 1\programing\chapter 1\problems\code\python\01_problem1.py (original preserved)
2025-12-21 20:49:34,414 - INFO - Copied: D:\sem 1\programing\chapter 1\problems\02_problem2.py -> D:\managed sem 1\programing\chapter 1\problems\code\python\02_problem2.py (original preserved)
2025-12-21 20:49:34,415 - INFO - Copied: D:\sem 1\programing\chapter 1\problems\03_problem3.py -> D:\managed sem 1\programing\chapter 1\problems\code\python\03_problem3.py (original preserved)
2025-12-21 20:49:34,416 - INFO - Copied: D:\sem 1\html\css\lightslider.css -> D:\managed sem 1\html\css\code\css\lightslider.css (original preserved)
2025-12-21 20:49:34,417 - INFO - Copied: D:\sem 1\html\css\style.css -> D:\managed sem 1\html\css\code\css\style.css (original preserved)
2025-12-21 20:49:34,418 - INFO - Copied: D:\sem 1\html\css\swiper-bundle.min.css -> D:\managed sem 1\html\css\code\css\swiper-bundle.min.css (original preserved)
2025-12-21 20:49:34,419 - INFO - Copied: D:\sem 1\html\js\glider-slider.js -> D:\managed sem 1\html\js\code\javascript\glider-slider.js (original preserved)
2025-12-21 20:49:34,420 - INFO - Copied: D:\sem 1\html\js\glider.min.js -> D:\managed sem 1\html\js\code\javascript\glider.min.js (original preserved)
2025-12-21 20:49:34,421 - INFO - Copied: D:\sem 1\html\js\Jquery.js -> D:\managed sem 1\html\js\code\javascript\Jquery.js (original preserved)
2025-12-21 20:49:34,422 - INFO - Copied: D:\sem 1\html\js\lightslider.js -> D:\managed sem 1\html\js\code\javascript\lightslider.js (original preserved)
2025-12-21 20:49:34,423 - INFO - Copied: D:\sem 1\html\js\script-mini.js -> D:\managed sem 1\html\js\code\javascript\script-mini.js (original preserved)
2025-12-21 20:49:34,423 - INFO - Copied: D:\sem 1\html\js\script.js -> D:\managed sem 1\html\js\code\javascript\script.js (original preserved)
2025-12-21 20:49:34,424 - INFO - Copied: D:\sem 1\programing\secret.key -> D:\managed sem 1\programing\other\other\secret.key (original preserved)
